<?xml version="1.0" encoding="UTF-8"?>
<testng-results skipped="0" failed="0" ignored="0" total="1" passed="1">
  <reporter-output>
  </reporter-output>
  <suite name="Default suite" duration-ms="12455" started-at="2022-12-17T19:40:06Z" finished-at="2022-12-17T19:40:19Z">
    <groups>
    </groups>
    <test name="Default test" duration-ms="12455" started-at="2022-12-17T19:40:06Z" finished-at="2022-12-17T19:40:19Z">
      <class name="test.AddCustomerTest">
        <test-method status="PASS" signature="validCustomerShouldBeAbleToCreateCustomer()[pri:0, instance:test.AddCustomerTest@2e060819]" name="validCustomerShouldBeAbleToCreateCustomer" duration-ms="12311" started-at="2022-12-17T19:40:06Z" finished-at="2022-12-17T19:40:19Z">
          <reporter-output>
          </reporter-output>
        </test-method> <!-- validCustomerShouldBeAbleToCreateCustomer -->
      </class> <!-- test.AddCustomerTest -->
    </test> <!-- Default test -->
  </suite> <!-- Default suite -->
</testng-results>
